<?xml version="1.0" encoding="UTF-8"?>
<testng-results ignored="0" total="4" passed="4" failed="0" skipped="0">
  <reporter-output>
  </reporter-output>
  <suite started-at="2025-07-10T16:29:20 IST" name="Suite" finished-at="2025-07-10T16:30:25 IST" duration-ms="65728">
    <groups>
      <group name="cucumber">
        <method signature="AbstractTestNGCucumberTests.runScenario(io.cucumber.testng.PickleWrapper,io.cucumber.testng.FeatureWrapper)[pri:0, instance:Runner.TestRunner@53f3bdbd]" name="runScenario" class="io.cucumber.testng.AbstractTestNGCucumberTests"/>
      </group> <!-- cucumber -->
    </groups>
    <test started-at="2025-07-10T16:29:20 IST" name="Test" finished-at="2025-07-10T16:30:25 IST" duration-ms="65728">
      <class name="Runner.TestRunner">
        <test-method is-config="true" signature="setUpClass(org.testng.ITestContext)[pri:0, instance:Runner.TestRunner@53f3bdbd]" started-at="2025-07-10T16:29:20 IST" name="setUpClass" finished-at="2025-07-10T16:29:58 IST" duration-ms="38370" status="PASS">
          <params>
            <param index="0">
              <value>
                <![CDATA[org.testng.TestRunner@2dfb885e]]>
              </value>
            </param>
          </params>
          <reporter-output>
          </reporter-output>
        </test-method> <!-- setUpClass -->
        <test-method signature="runScenario(io.cucumber.testng.PickleWrapper,io.cucumber.testng.FeatureWrapper)[pri:0, instance:Runner.TestRunner@53f3bdbd]" started-at="2025-07-10T16:29:58 IST" name="runScenario" description="Runs Cucumber Scenarios" data-provider="scenarios" finished-at="2025-07-10T16:30:03 IST" duration-ms="4716" status="PASS">
          <params>
            <param index="0">
              <value>
                <![CDATA["login to orange HRM site  and  and Search Shortlisted candidates list and return it."]]>
              </value>
            </param>
            <param index="1">
              <value>
                <![CDATA["This file contains,Testcases for OrangeHRM Automation"]]>
              </value>
            </param>
          </params>
          <reporter-output>
          </reporter-output>
        </test-method> <!-- runScenario -->
        <test-method signature="runScenario(io.cucumber.testng.PickleWrapper,io.cucumber.testng.FeatureWrapper)[pri:0, instance:Runner.TestRunner@53f3bdbd]" started-at="2025-07-10T16:30:03 IST" name="runScenario" description="Runs Cucumber Scenarios" data-provider="scenarios" finished-at="2025-07-10T16:30:15 IST" duration-ms="11737" status="PASS">
          <params>
            <param index="0">
              <value>
                <![CDATA["Add employee in PIM tab"]]>
              </value>
            </param>
            <param index="1">
              <value>
                <![CDATA["This file contains,Testcases for OrangeHRM Automation"]]>
              </value>
            </param>
          </params>
          <reporter-output>
          </reporter-output>
        </test-method> <!-- runScenario -->
        <test-method signature="runScenario(io.cucumber.testng.PickleWrapper,io.cucumber.testng.FeatureWrapper)[pri:0, instance:Runner.TestRunner@53f3bdbd]" started-at="2025-07-10T16:30:15 IST" name="runScenario" description="Runs Cucumber Scenarios" data-provider="scenarios" finished-at="2025-07-10T16:30:20 IST" duration-ms="5683" status="PASS">
          <params>
            <param index="0">
              <value>
                <![CDATA["Search added user in Employee list"]]>
              </value>
            </param>
            <param index="1">
              <value>
                <![CDATA["This file contains,Testcases for OrangeHRM Automation"]]>
              </value>
            </param>
          </params>
          <reporter-output>
          </reporter-output>
        </test-method> <!-- runScenario -->
        <test-method signature="runScenario(io.cucumber.testng.PickleWrapper,io.cucumber.testng.FeatureWrapper)[pri:0, instance:Runner.TestRunner@53f3bdbd]" started-at="2025-07-10T16:30:20 IST" name="runScenario" description="Runs Cucumber Scenarios" data-provider="scenarios" finished-at="2025-07-10T16:30:25 IST" duration-ms="4647" status="PASS">
          <params>
            <param index="0">
              <value>
                <![CDATA["Navigate to Admin tab and search Enabled status Employees"]]>
              </value>
            </param>
            <param index="1">
              <value>
                <![CDATA["This file contains,Testcases for OrangeHRM Automation"]]>
              </value>
            </param>
          </params>
          <reporter-output>
          </reporter-output>
        </test-method> <!-- runScenario -->
        <test-method is-config="true" signature="tearDownClass()[pri:0, instance:Runner.TestRunner@53f3bdbd]" started-at="2025-07-10T16:30:25 IST" name="tearDownClass" finished-at="2025-07-10T16:30:25 IST" duration-ms="441" status="PASS">
          <reporter-output>
          </reporter-output>
        </test-method> <!-- tearDownClass -->
      </class> <!-- Runner.TestRunner -->
    </test> <!-- Test -->
  </suite> <!-- Suite -->
</testng-results>
